<?xml version="1.0" encoding="UTF-8"?>
<!-- Generated by org.testng.reporters.JUnitReportReporter -->
<testsuite skipped="0" hostname="DESKTOP-IB5SOQ8" name="endTests.AssignmentTest" tests="5" failures="0" timestamp="27 Oct 2019 18:19:21 GMT" time="10.698" errors="0">
  <testcase name="lockedTest" time="2.685" classname="endTests.AssignmentTest"/>
  <testcase name="loginTest" time="1.893" classname="endTests.AssignmentTest"/>
  <testcase name="validateRemoveCartTsest" time="1.270" classname="endTests.AssignmentTest"/>
  <testcase name="logoutTest" time="1.073" classname="endTests.AssignmentTest"/>
  <testcase name="validateCartTest" time="3.777" classname="endTests.AssignmentTest"/>
</testsuite> <!-- endTests.AssignmentTest -->
