<?xml version="1.0" encoding="UTF-8"?>
<!-- Generated by org.testng.reporters.JUnitReportReporter -->
<testsuite skipped="0" hostname="DESKTOP-IB5SOQ8" name="endTests.SampleTest" tests="2" failures="0" timestamp="27 Oct 2019 16:58:32 GMT" time="0.350" errors="0">
  <testcase name="firstTest" time="0.350" classname="endTests.SampleTest"/>
  <testcase name="secondTest" time="0.000" classname="endTests.SampleTest"/>
</testsuite> <!-- endTests.SampleTest -->
